<?xml version="1.0" encoding="windows-1252" standalone="no"?>
<!DOCTYPE log SYSTEM "logger.dtd">
<log>
<record>
  <date>2017-11-16T13:49:01</date>
  <millis>1510832941055</millis>
  <sequence>6</sequence>
  <logger>ESPlorer.ESPlorer</logger>
  <level>INFO</level>
  <class>ESPlorer.ESPlorer</class>
  <method>log</method>
  <thread>15</thread>
  <message>Set new color theme: Success.</message>
</record>
<record>
  <date>2017-11-16T13:49:01</date>
  <millis>1510832941060</millis>
  <sequence>7</sequence>
  <logger>ESPlorer.ESPlorer</logger>
  <level>INFO</level>
  <class>ESPlorer.ESPlorer</class>
  <method>log</method>
  <thread>15</thread>
  <message>Load saved settings: DONE.</message>
</record>
<record>
  <date>2017-11-16T13:49:01</date>
  <millis>1510832941062</millis>
  <sequence>8</sequence>
  <logger>ESPlorer.ESPlorer</logger>
  <level>INFO</level>
  <class>ESPlorer.ESPlorer</class>
  <method>log</method>
  <thread>15</thread>
  <message>Snippets (LUA): loading...</message>
</record>
<record>
  <date>2017-11-16T13:49:01</date>
  <millis>1510832941065</millis>
  <sequence>9</sequence>
  <logger>ESPlorer.ESPlorer</logger>
  <level>INFO</level>
  <class>ESPlorer.ESPlorer</class>
  <method>log</method>
  <thread>15</thread>
  <message>Snippets (LUA) load: Success.</message>
</record>
<record>
  <date>2017-11-16T13:49:01</date>
  <millis>1510832941418</millis>
  <sequence>10</sequence>
  <logger>ESPlorer.ESPlorer</logger>
  <level>INFO</level>
  <class>ESPlorer.ESPlorer</class>
  <method>log</method>
  <thread>15</thread>
  <message>Scan system...</message>
</record>
<record>
  <date>2017-11-16T13:49:01</date>
  <millis>1510832941430</millis>
  <sequence>11</sequence>
  <logger>ESPlorer.ESPlorer</logger>
  <level>INFO</level>
  <class>ESPlorer.ESPlorer</class>
  <method>log</method>
  <thread>15</thread>
  <message>found COM3</message>
</record>
<record>
  <date>2017-11-16T13:49:01</date>
  <millis>1510832941432</millis>
  <sequence>12</sequence>
  <logger>ESPlorer.ESPlorer</logger>
  <level>INFO</level>
  <class>ESPlorer.ESPlorer</class>
  <method>log</method>
  <thread>15</thread>
  <message>found last saved serial port COM4</message>
</record>
<record>
  <date>2017-11-16T13:49:01</date>
  <millis>1510832941438</millis>
  <sequence>13</sequence>
  <logger>ESPlorer.ESPlorer</logger>
  <level>INFO</level>
  <class>ESPlorer.ESPlorer</class>
  <method>log</method>
  <thread>15</thread>
  <message>Scan done.</message>
</record>
<record>
  <date>2017-11-16T13:49:03</date>
  <millis>1510832943032</millis>
  <sequence>14</sequence>
  <logger>ESPlorer.ESPlorer</logger>
  <level>INFO</level>
  <class>ESPlorer.ESPlorer</class>
  <method>log</method>
  <thread>15</thread>
  <message>Serial port COM4 save as default.</message>
</record>
<record>
  <date>2017-11-16T13:49:03</date>
  <millis>1510832943033</millis>
  <sequence>15</sequence>
  <logger>ESPlorer.ESPlorer</logger>
  <level>INFO</level>
  <class>ESPlorer.ESPlorer</class>
  <method>log</method>
  <thread>15</thread>
  <message>Baud rate 9600 save as default.</message>
</record>
<record>
  <date>2017-11-16T13:49:03</date>
  <millis>1510832943035</millis>
  <sequence>16</sequence>
  <logger>ESPlorer.ESPlorer</logger>
  <level>INFO</level>
  <class>ESPlorer.ESPlorer</class>
  <method>log</method>
  <thread>15</thread>
  <message>Try to open port COM4, baud 9600, 8N1</message>
</record>
<record>
  <date>2017-11-16T13:49:03</date>
  <millis>1510832943064</millis>
  <sequence>17</sequence>
  <logger>ESPlorer.ESPlorer</logger>
  <level>INFO</level>
  <class>ESPlorer.ESPlorer</class>
  <method>log</method>
  <thread>15</thread>
  <message>Open port COM4 - Success.</message>
</record>
<record>
  <date>2017-11-16T13:49:03</date>
  <millis>1510832943092</millis>
  <sequence>18</sequence>
  <logger>ESPlorer.ESPlorer</logger>
  <level>INFO</level>
  <class>ESPlorer.ESPlorer</class>
  <method>log</method>
  <thread>15</thread>
  <message>sending:&lt;CR&gt;&lt;LF&gt;</message>
</record>
<record>
  <date>2017-11-16T13:49:03</date>
  <millis>1510832943166</millis>
  <sequence>19</sequence>
  <logger>ESPlorer.ESPlorer</logger>
  <level>INFO</level>
  <class>ESPlorer.ESPlorer</class>
  <method>log</method>
  <thread>25</thread>
  <message>
Communication with MCU established.</message>
</record>
<record>
  <date>2017-11-16T13:49:08</date>
  <millis>1510832948574</millis>
  <sequence>20</sequence>
  <logger>ESPlorer.ESPlorer</logger>
  <level>INFO</level>
  <class>ESPlorer.ESPlorer</class>
  <method>log</method>
  <thread>15</thread>
  <message>sending:node.restart()&lt;CR&gt;&lt;LF&gt;</message>
</record>
<record>
  <date>2017-11-16T13:49:08</date>
  <millis>1510832948575</millis>
  <sequence>21</sequence>
  <logger>ESPlorer.ESPlorer</logger>
  <level>INFO</level>
  <class>ESPlorer.ESPlorer</class>
  <method>log</method>
  <thread>15</thread>
  <message>Try to reconnect with saved baud 9600...</message>
</record>
<record>
  <date>2017-11-16T13:49:08</date>
  <millis>1510832948580</millis>
  <sequence>22</sequence>
  <logger>ESPlorer.ESPlorer</logger>
  <level>INFO</level>
  <class>ESPlorer.ESPlorer</class>
  <method>log</method>
  <thread>15</thread>
  <message>Reconnect: Success. Now we waiting for ESP reboot...</message>
</record>
<record>
  <date>2017-11-16T13:49:10</date>
  <millis>1510832950586</millis>
  <sequence>23</sequence>
  <logger>ESPlorer.ESPlorer</logger>
  <level>INFO</level>
  <class>ESPlorer.ESPlorer</class>
  <method>log</method>
  <thread>15</thread>
  <message>sending:&lt;CR&gt;&lt;LF&gt;</message>
</record>
<record>
  <date>2017-11-16T13:49:10</date>
  <millis>1510832950766</millis>
  <sequence>24</sequence>
  <logger>ESPlorer.ESPlorer</logger>
  <level>INFO</level>
  <class>ESPlorer.ESPlorer</class>
  <method>log</method>
  <thread>25</thread>
  <message>
Communication with MCU established.</message>
</record>
<record>
  <date>2017-11-16T13:53:58</date>
  <millis>1510833238234</millis>
  <sequence>25</sequence>
  <logger>ESPlorer.ESPlorer</logger>
  <level>INFO</level>
  <class>ESPlorer.ESPlorer</class>
  <method>log</method>
  <thread>15</thread>
  <message>sending:node.restart()&lt;CR&gt;&lt;LF&gt;</message>
</record>
<record>
  <date>2017-11-16T13:53:58</date>
  <millis>1510833238235</millis>
  <sequence>26</sequence>
  <logger>ESPlorer.ESPlorer</logger>
  <level>INFO</level>
  <class>ESPlorer.ESPlorer</class>
  <method>log</method>
  <thread>15</thread>
  <message>Try to reconnect with saved baud 9600...</message>
</record>
<record>
  <date>2017-11-16T13:53:58</date>
  <millis>1510833238241</millis>
  <sequence>27</sequence>
  <logger>ESPlorer.ESPlorer</logger>
  <level>INFO</level>
  <class>ESPlorer.ESPlorer</class>
  <method>log</method>
  <thread>15</thread>
  <message>Reconnect: Success. Now we waiting for ESP reboot...</message>
</record>
<record>
  <date>2017-11-16T13:54:00</date>
  <millis>1510833240249</millis>
  <sequence>28</sequence>
  <logger>ESPlorer.ESPlorer</logger>
  <level>INFO</level>
  <class>ESPlorer.ESPlorer</class>
  <method>log</method>
  <thread>15</thread>
  <message>sending:&lt;CR&gt;&lt;LF&gt;</message>
</record>
<record>
  <date>2017-11-16T13:54:00</date>
  <millis>1510833240328</millis>
  <sequence>29</sequence>
  <logger>ESPlorer.ESPlorer</logger>
  <level>INFO</level>
  <class>ESPlorer.ESPlorer</class>
  <method>log</method>
  <thread>25</thread>
  <message>
Communication with MCU established.</message>
</record>
<record>
  <date>2017-11-16T13:54:00</date>
  <millis>1510833240332</millis>
  <sequence>30</sequence>
  <logger>ESPlorer.ESPlorer</logger>
  <level>INFO</level>
  <class>ESPlorer.ESPlorer</class>
  <method>log</method>
  <thread>25</thread>
  <message>sending:=node.heap()&lt;CR&gt;&lt;LF&gt;</message>
</record>
<record>
  <date>2017-11-16T13:55:56</date>
  <millis>1510833356600</millis>
  <sequence>31</sequence>
  <logger>ESPlorer.ESPlorer</logger>
  <level>INFO</level>
  <class>ESPlorer.ESPlorer</class>
  <method>log</method>
  <thread>15</thread>
  <message>sending:node.restart()&lt;CR&gt;&lt;LF&gt;</message>
</record>
<record>
  <date>2017-11-16T13:55:56</date>
  <millis>1510833356602</millis>
  <sequence>32</sequence>
  <logger>ESPlorer.ESPlorer</logger>
  <level>INFO</level>
  <class>ESPlorer.ESPlorer</class>
  <method>log</method>
  <thread>15</thread>
  <message>Try to reconnect with saved baud 9600...</message>
</record>
<record>
  <date>2017-11-16T13:55:56</date>
  <millis>1510833356607</millis>
  <sequence>33</sequence>
  <logger>ESPlorer.ESPlorer</logger>
  <level>INFO</level>
  <class>ESPlorer.ESPlorer</class>
  <method>log</method>
  <thread>15</thread>
  <message>Reconnect: Success. Now we waiting for ESP reboot...</message>
</record>
<record>
  <date>2017-11-16T13:55:58</date>
  <millis>1510833358615</millis>
  <sequence>34</sequence>
  <logger>ESPlorer.ESPlorer</logger>
  <level>INFO</level>
  <class>ESPlorer.ESPlorer</class>
  <method>log</method>
  <thread>15</thread>
  <message>sending:&lt;CR&gt;&lt;LF&gt;</message>
</record>
<record>
  <date>2017-11-16T13:55:58</date>
  <millis>1510833358646</millis>
  <sequence>35</sequence>
  <logger>ESPlorer.ESPlorer</logger>
  <level>INFO</level>
  <class>ESPlorer.ESPlorer</class>
  <method>log</method>
  <thread>25</thread>
  <message>
Communication with MCU established.</message>
</record>
<record>
  <date>2017-11-16T13:55:58</date>
  <millis>1510833358652</millis>
  <sequence>36</sequence>
  <logger>ESPlorer.ESPlorer</logger>
  <level>INFO</level>
  <class>ESPlorer.ESPlorer</class>
  <method>log</method>
  <thread>25</thread>
  <message>sending:=node.heap()&lt;CR&gt;&lt;LF&gt;</message>
</record>
<record>
  <date>2017-11-16T14:00:00</date>
  <millis>1510833600069</millis>
  <sequence>37</sequence>
  <logger>ESPlorer.ESPlorer</logger>
  <level>INFO</level>
  <class>ESPlorer.ESPlorer</class>
  <method>log</method>
  <thread>15</thread>
  <message>sending:node.restart()&lt;CR&gt;&lt;LF&gt;</message>
</record>
<record>
  <date>2017-11-16T14:00:00</date>
  <millis>1510833600070</millis>
  <sequence>38</sequence>
  <logger>ESPlorer.ESPlorer</logger>
  <level>INFO</level>
  <class>ESPlorer.ESPlorer</class>
  <method>log</method>
  <thread>15</thread>
  <message>Try to reconnect with saved baud 9600...</message>
</record>
<record>
  <date>2017-11-16T14:00:00</date>
  <millis>1510833600076</millis>
  <sequence>39</sequence>
  <logger>ESPlorer.ESPlorer</logger>
  <level>INFO</level>
  <class>ESPlorer.ESPlorer</class>
  <method>log</method>
  <thread>15</thread>
  <message>Reconnect: Success. Now we waiting for ESP reboot...</message>
</record>
<record>
  <date>2017-11-16T14:00:02</date>
  <millis>1510833602081</millis>
  <sequence>40</sequence>
  <logger>ESPlorer.ESPlorer</logger>
  <level>INFO</level>
  <class>ESPlorer.ESPlorer</class>
  <method>log</method>
  <thread>15</thread>
  <message>sending:&lt;CR&gt;&lt;LF&gt;</message>
</record>
<record>
  <date>2017-11-16T14:00:02</date>
  <millis>1510833602380</millis>
  <sequence>41</sequence>
  <logger>ESPlorer.ESPlorer</logger>
  <level>INFO</level>
  <class>ESPlorer.ESPlorer</class>
  <method>log</method>
  <thread>15</thread>
  <message>sending:&lt;CR&gt;&lt;LF&gt;</message>
</record>
<record>
  <date>2017-11-16T14:00:02</date>
  <millis>1510833602386</millis>
  <sequence>42</sequence>
  <logger>ESPlorer.ESPlorer</logger>
  <level>INFO</level>
  <class>ESPlorer.ESPlorer</class>
  <method>log</method>
  <thread>25</thread>
  <message>
Communication with MCU established.</message>
</record>
